# LeakReport
# from new @ |      size  # Pointer Addr
L   0x402a72         400  # 0x11fc010
L   0x402a72         404  # 0x11fbe70
L   0x40316e         404  # 0x11fc4f0
L   0x40316e         404  # 0x11fc1b0
L   0x40316e         404  # 0x11fc830
L   0x40316e         404  # 0x11fcb70
L   0x40316e         404  # 0x11fc9d0
L   0x40316e         404  # 0x11fc690
L   0x40316e         404  # 0x11fceb0
L   0x40316e         404  # 0x11fd1f0
L   0x40316e         404  # 0x11fd050
L   0x40316e         404  # 0x11fd530
L   0x40316e         404  # 0x11fd870
L   0x40316e         404  # 0x11fd6d0
L   0x40316e         404  # 0x11fd390
L   0x40316e         404  # 0x11fcd10
L   0x40316e         404  # 0x11fdbb0
L   0x40316e         404  # 0x11fdef0
L   0x40316e         404  # 0x11fdd50
L   0x40316e         404  # 0x11fe230
L   0x40316e         404  # 0x11fe570
L   0x40316e         404  # 0x11fe3d0
L   0x40316e         404  # 0x11fe090
L   0x40316e         404  # 0x11fe8b0
L   0x40316e         404  # 0x11febf0
L   0x40316e         404  # 0x11fea50
L   0x40316e         404  # 0x11fef30
L   0x40316e         404  # 0x11ff270
L   0x40316e         404  # 0x11ff0d0
L   0x40316e         404  # 0x11fed90
L   0x40316e         404  # 0x11fe710
L   0x40316e         404  # 0x11fda10
L   0x40316e         404  # 0x11ff5b0
L   0x40316e         404  # 0x11ff8f0
L   0x40316e         404  # 0x11ff750
L   0x40316e         404  # 0x11ffc30
L   0x40316e         404  # 0x11fff70
L   0x40316e         404  # 0x11ffdd0
L   0x40316e         404  # 0x11ffa90
L   0x40316e         404  # 0x12002b0
L   0x40316e         404  # 0x12005f0
L   0x40316e         404  # 0x1200450
L   0x40316e         404  # 0x1200930
L   0x40316e         404  # 0x1200c70
L   0x40316e         404  # 0x1200ad0
L   0x40316e         404  # 0x1200790
L   0x40316e         404  # 0x1200110
L   0x40316e         404  # 0x1200fb0
L   0x40316e         404  # 0x12012f0
L   0x40316e         404  # 0x1201150
L   0x40316e         404  # 0x1201630
L   0x40316e         404  # 0x1201970
L   0x40316e         404  # 0x12017d0
L   0x40316e         404  # 0x1201490
L   0x40316e         404  # 0x1201cb0
L   0x40316e         404  # 0x1201ff0
L   0x40316e         404  # 0x1201e50
L   0x40316e         404  # 0x1202330
L   0x40316e         404  # 0x1202670
L   0x40316e         404  # 0x12024d0
L   0x40316e         404  # 0x1202190
L   0x40316e         404  # 0x1201b10
L   0x40316e         404  # 0x1200e10
L   0x40316e         404  # 0x11ff410
L   0x40316e         404  # 0x12029b0
L   0x40316e         404  # 0x1202cf0
L   0x40316e         404  # 0x1202b50
L   0x40316e         404  # 0x1203030
L   0x40316e         404  # 0x1203370
L   0x40316e         404  # 0x12031d0
L   0x40316e         404  # 0x1202e90
L   0x40316e         404  # 0x12036b0
L   0x40316e         404  # 0x12039f0
L   0x40316e         404  # 0x1203850
L   0x40316e         404  # 0x1203d30
L   0x40316e         404  # 0x1204070
L   0x40316e         404  # 0x1203ed0
L   0x40316e         404  # 0x1203b90
L   0x40316e         404  # 0x1203510
L   0x40316e         404  # 0x12043b0
L   0x40316e         404  # 0x12046f0
L   0x40316e         404  # 0x1204550
L   0x40316e         404  # 0x1204a30
L   0x40316e         404  # 0x1204d70
L   0x40316e         404  # 0x1204bd0
L   0x40316e         404  # 0x1204890
L   0x40316e         404  # 0x12050b0
L   0x40316e         404  # 0x12053f0
L   0x40316e         404  # 0x1205250
L   0x40316e         404  # 0x1205730
L   0x40316e         404  # 0x1205a70
L   0x40316e         404  # 0x12058d0
L   0x40316e         404  # 0x1205590
L   0x40316e         404  # 0x1204f10
L   0x40316e         404  # 0x1204210
L   0x40316e         404  # 0x1205db0
L   0x40316e         404  # 0x12060f0
L   0x40316e         404  # 0x1205f50
L   0x40316e         404  # 0x1206430
L   0x40316e         404  # 0x1206770
L   0x40316e         404  # 0x12065d0
L   0x40316e         404  # 0x1206290
L   0x40316e         404  # 0x1206ab0
L   0x40316e         404  # 0x1206df0
L   0x40316e         404  # 0x1206c50
L   0x40316e         404  # 0x1207130
L   0x40316e         404  # 0x1207470
L   0x40316e         404  # 0x12072d0
L   0x40316e         404  # 0x1206f90
L   0x40316e         404  # 0x1206910
L   0x40316e         404  # 0x12077b0
L   0x40316e         404  # 0x1207af0
L   0x40316e         404  # 0x1207950
L   0x40316e         404  # 0x1207e30
L   0x40316e         404  # 0x1208170
L   0x40316e         404  # 0x1207fd0
L   0x40316e         404  # 0x1207c90
L   0x40316e         404  # 0x12084b0
L   0x40316e         404  # 0x12087f0
L   0x40316e         404  # 0x1208650
L   0x40316e         404  # 0x1208b30
L   0x40316e         404  # 0x1208e70
L   0x40316e         404  # 0x1208cd0
L   0x40316e         404  # 0x1208990
L   0x40316e         404  # 0x1208310
L   0x40316e         404  # 0x1207610
L   0x40316e         404  # 0x1205c10
L   0x40316e         404  # 0x1202810
L   0x40316e         404  # 0x12091b0
L   0x40316e         404  # 0x12094f0
L   0x40316e         404  # 0x1209350
L   0x40316e         404  # 0x1209830
L   0x40316e         404  # 0x1209b70
L   0x40316e         404  # 0x12099d0
L   0x40316e         404  # 0x1209690
L   0x40316e         404  # 0x1209eb0
L   0x40316e         404  # 0x120a1f0
L   0x40316e         404  # 0x120a050
L   0x40316e         404  # 0x120a530
L   0x40316e         404  # 0x120a870
L   0x40316e         404  # 0x120a6d0
L   0x40316e         404  # 0x120a390
L   0x40316e         404  # 0x1209d10
L   0x40316e         404  # 0x120abb0
L   0x40316e         404  # 0x120aef0
L   0x40316e         404  # 0x120ad50
L   0x40316e         404  # 0x120b230
L   0x40316e         404  # 0x120b570
L   0x40316e         404  # 0x120b3d0
L   0x40316e         404  # 0x120b090
L   0x40316e         404  # 0x120b8b0
L   0x40316e         404  # 0x120bbf0
L   0x40316e         404  # 0x120ba50
L   0x40316e         404  # 0x120bf30
L   0x40316e         404  # 0x120c270
L   0x40316e         404  # 0x120c0d0
L   0x40316e         404  # 0x120bd90
L   0x40316e         404  # 0x120b710
L   0x40316e         404  # 0x120aa10
L   0x40316e         404  # 0x120c5b0
L   0x40316e         404  # 0x120c8f0
L   0x40316e         404  # 0x120c750
L   0x40316e         404  # 0x120cc30
L   0x40316e         404  # 0x120cf70
L   0x40316e         404  # 0x120cdd0
L   0x40316e         404  # 0x120ca90
L   0x40316e         404  # 0x120d2b0
L   0x40316e         404  # 0x120d5f0
L   0x40316e         404  # 0x120d450
L   0x40316e         404  # 0x120d930
L   0x40316e         404  # 0x120dc70
L   0x40316e         404  # 0x120dad0
L   0x40316e         404  # 0x120d790
L   0x40316e         404  # 0x120d110
L   0x40316e         404  # 0x120dfb0
L   0x40316e         404  # 0x120e2f0
L   0x40316e         404  # 0x120e150
L   0x40316e         404  # 0x120e630
L   0x40316e         404  # 0x120e970
L   0x40316e         404  # 0x120e7d0
L   0x40316e         404  # 0x120e490
L   0x40316e         404  # 0x120ecb0
L   0x40316e         404  # 0x120eff0
L   0x40316e         404  # 0x120ee50
L   0x40316e         404  # 0x120f330
L   0x40316e         404  # 0x120f670
L   0x40316e         404  # 0x120f4d0
L   0x40316e         404  # 0x120f190
L   0x40316e         404  # 0x120eb10
L   0x40316e         404  # 0x120de10
L   0x40316e         404  # 0x120c410
L   0x40316e         404  # 0x120f9b0
L   0x40316e         404  # 0x120fcf0
L   0x40316e         404  # 0x120fb50
L   0x40316e         404  # 0x1210030
L   0x40316e         404  # 0x1210370
L   0x40316e         404  # 0x12101d0
L   0x40316e         404  # 0x120fe90
L   0x40316e         404  # 0x12106b0
L   0x40316e         404  # 0x12109f0
L   0x40316e         404  # 0x1210850
L   0x40316e         404  # 0x1210d30
L   0x40316e         404  # 0x1211070
L   0x40316e         404  # 0x1210ed0
L   0x40316e         404  # 0x1210b90
L   0x40316e         404  # 0x1210510
L   0x40316e         404  # 0x12113b0
L   0x40316e         404  # 0x12116f0
L   0x40316e         404  # 0x1211550
L   0x40316e         404  # 0x1211a30
L   0x40316e         404  # 0x1211d70
L   0x40316e         404  # 0x1211bd0
L   0x40316e         404  # 0x1211890
L   0x40316e         404  # 0x12120b0
L   0x40316e         404  # 0x12123f0
L   0x40316e         404  # 0x1212250
L   0x40316e         404  # 0x1212730
L   0x40316e         404  # 0x1212a70
L   0x40316e         404  # 0x12128d0
L   0x40316e         404  # 0x1212590
L   0x40316e         404  # 0x1211f10
L   0x40316e         404  # 0x1211210
L   0x40316e         404  # 0x1212db0
L   0x40316e         404  # 0x12130f0
L   0x40316e         404  # 0x1212f50
L   0x40316e         404  # 0x1213430
L   0x40316e         404  # 0x1213770
L   0x40316e         404  # 0x12135d0
L   0x40316e         404  # 0x1213290
L   0x40316e         404  # 0x1213ab0
L   0x40316e         404  # 0x1213df0
L   0x40316e         404  # 0x1213c50
L   0x40316e         404  # 0x1214130
L   0x40316e         404  # 0x1214470
L   0x40316e         404  # 0x12142d0
L   0x40316e         404  # 0x1213f90
L   0x40316e         404  # 0x1213910
L   0x40316e         404  # 0x12147b0
L   0x40316e         404  # 0x1214af0
L   0x40316e         404  # 0x1214950
L   0x40316e         404  # 0x1214e30
L   0x40316e         404  # 0x1215170
L   0x40316e         404  # 0x1214fd0
L   0x40316e         404  # 0x1214c90
L   0x40316e         404  # 0x12154b0
L   0x40316e         404  # 0x12157f0
L   0x40316e         404  # 0x1215650
L   0x40316e         404  # 0x1215b30
L   0x40316e         404  # 0x1215e70
L   0x40316e         404  # 0x1215cd0
L   0x40316e         404  # 0x1215990
L   0x40316e         404  # 0x1215310
L   0x40316e         404  # 0x1214610
L   0x40316e         404  # 0x1212c10
L   0x40316e         404  # 0x120f810
L   0x40316e         404  # 0x12161b0
L   0x40316e         404  # 0x12164f0
L   0x40316e         404  # 0x1216350
L   0x40316e         404  # 0x1216830
L   0x40316e         404  # 0x1216b70
L   0x40316e         404  # 0x12169d0
L   0x40316e         404  # 0x1216690
L   0x40316e         404  # 0x1216eb0
L   0x40316e         404  # 0x12171f0
L   0x40316e         404  # 0x1217050
L   0x40316e         404  # 0x1217530
L   0x40316e         404  # 0x1217870
L   0x40316e         404  # 0x12176d0
L   0x40316e         404  # 0x1217390
L   0x40316e         404  # 0x1216d10
L   0x40316e         404  # 0x1217bb0
L   0x40316e         404  # 0x1217ef0
L   0x40316e         404  # 0x1217d50
L   0x40316e         404  # 0x1218230
L   0x40316e         404  # 0x1218570
L   0x40316e         404  # 0x12183d0
L   0x40316e         404  # 0x1218090
L   0x40316e         404  # 0x12188b0
L   0x40316e         404  # 0x1218bf0
L   0x40316e         404  # 0x1218a50
L   0x40316e         404  # 0x1218f30
L   0x40316e         404  # 0x1219270
L   0x40316e         404  # 0x12190d0
L   0x40316e         404  # 0x1218d90
L   0x40316e         404  # 0x1218710
L   0x40316e         404  # 0x1217a10
L   0x40316e         404  # 0x12195b0
L   0x40316e         404  # 0x12198f0
L   0x40316e         404  # 0x1219750
L   0x40316e         404  # 0x1219c30
L   0x40316e         404  # 0x1219f70
L   0x40316e         404  # 0x1219dd0
L   0x40316e         404  # 0x1219a90
L   0x40316e         404  # 0x121a2b0
L   0x40316e         404  # 0x121a5f0
L   0x40316e         404  # 0x121a450
L   0x40316e         404  # 0x121a930
L   0x40316e         404  # 0x121ac70
L   0x40316e         404  # 0x121aad0
L   0x40316e         404  # 0x121a790
L   0x40316e         404  # 0x121a110
L   0x40316e         404  # 0x121afb0
L   0x40316e         404  # 0x121b2f0
L   0x40316e         404  # 0x121b150
L   0x40316e         404  # 0x121b630
L   0x40316e         404  # 0x121b970
L   0x40316e         404  # 0x121b7d0
L   0x40316e         404  # 0x121b490
L   0x40316e         404  # 0x121bcb0
L   0x40316e         404  # 0x121bff0
L   0x40316e         404  # 0x121be50
L   0x40316e         404  # 0x121c330
L   0x40316e         404  # 0x121c670
L   0x40316e         404  # 0x121c4d0
L   0x40316e         404  # 0x121c190
L   0x40316e         404  # 0x121bb10
L   0x40316e         404  # 0x121ae10
L   0x40316e         404  # 0x1219410
L   0x40316e         404  # 0x121c9b0
L   0x40316e         404  # 0x121ccf0
L   0x40316e         404  # 0x121cb50
L   0x40316e         404  # 0x121d030
L   0x40316e         404  # 0x121d370
L   0x40316e         404  # 0x121d1d0
L   0x40316e         404  # 0x121ce90
L   0x40316e         404  # 0x121d6b0
L   0x40316e         404  # 0x121d9f0
L   0x40316e         404  # 0x121d850
L   0x40316e         404  # 0x121dd30
L   0x40316e         404  # 0x121e070
L   0x40316e         404  # 0x121ded0
L   0x40316e         404  # 0x121db90
L   0x40316e         404  # 0x121d510
L   0x40316e         404  # 0x121e3b0
L   0x40316e         404  # 0x121e6f0
L   0x40316e         404  # 0x121e550
L   0x40316e         404  # 0x121ea30
L   0x40316e         404  # 0x121ed70
L   0x40316e         404  # 0x121ebd0
L   0x40316e         404  # 0x121e890
L   0x40316e         404  # 0x121f0b0
L   0x40316e         404  # 0x121f3f0
L   0x40316e         404  # 0x121f250
L   0x40316e         404  # 0x121f730
L   0x40316e         404  # 0x121fa70
L   0x40316e         404  # 0x121f8d0
L   0x40316e         404  # 0x121f590
L   0x40316e         404  # 0x121ef10
L   0x40316e         404  # 0x121e210
L   0x40316e         404  # 0x121fdb0
L   0x40316e         404  # 0x12200f0
L   0x40316e         404  # 0x121ff50
L   0x40316e         404  # 0x1220430
L   0x40316e         404  # 0x1220770
L   0x40316e         404  # 0x12205d0
L   0x40316e         404  # 0x1220290
L   0x40316e         404  # 0x1220ab0
L   0x40316e         404  # 0x1220df0
L   0x40316e         404  # 0x1220c50
L   0x40316e         404  # 0x1221130
L   0x40316e         404  # 0x1221470
L   0x40316e         404  # 0x12212d0
L   0x40316e         404  # 0x1220f90
L   0x40316e         404  # 0x1220910
L   0x40316e         404  # 0x12217b0
L   0x40316e         404  # 0x1221af0
L   0x40316e         404  # 0x1221950
L   0x40316e         404  # 0x1221e30
L   0x40316e         404  # 0x1222170
L   0x40316e         404  # 0x1221fd0
L   0x40316e         404  # 0x1221c90
L   0x40316e         404  # 0x12224b0
L   0x40316e         404  # 0x12227f0
L   0x40316e         404  # 0x1222650
L   0x40316e         404  # 0x1222b30
L   0x40316e         404  # 0x1222e70
L   0x40316e         404  # 0x1222cd0
L   0x40316e         404  # 0x1222990
L   0x40316e         404  # 0x1222310
L   0x40316e         404  # 0x1221610
L   0x40316e         404  # 0x121fc10
L   0x40316e         404  # 0x12231b0
L   0x40316e         404  # 0x12234f0
L   0x40316e         404  # 0x1223350
L   0x40316e         404  # 0x1223830
L   0x40316e         404  # 0x1223b70
L   0x40316e         404  # 0x12239d0
L   0x40316e         404  # 0x1223690
L   0x40316e         404  # 0x1223eb0
L   0x40316e         404  # 0x12241f0
L   0x40316e         404  # 0x1224050
L   0x40316e         404  # 0x1224530
L   0x40316e         404  # 0x1224870
L   0x40316e         404  # 0x12246d0
L   0x40316e         404  # 0x1224390
L   0x40316e         404  # 0x1223d10
L   0x40316e         404  # 0x1224bb0
L   0x40316e         404  # 0x1224ef0
L   0x40316e         404  # 0x1224d50
L   0x40316e         404  # 0x1225230
L   0x40316e         404  # 0x1225570
L   0x40316e         404  # 0x12253d0
L   0x40316e         404  # 0x1225090
L   0x40316e         404  # 0x12258b0
L   0x40316e         404  # 0x1225bf0
L   0x40316e         404  # 0x1225a50
L   0x40316e         404  # 0x1225f30
L   0x40316e         404  # 0x1226270
L   0x40316e         404  # 0x12260d0
L   0x40316e         404  # 0x1225d90
L   0x40316e         404  # 0x1225710
L   0x40316e         404  # 0x1224a10
L   0x40316e         404  # 0x12265b0
L   0x40316e         404  # 0x12268f0
L   0x40316e         404  # 0x1226750
L   0x40316e         404  # 0x1226c30
L   0x40316e         404  # 0x1226f70
L   0x40316e         404  # 0x1226dd0
L   0x40316e         404  # 0x1226a90
L   0x40316e         404  # 0x12272b0
L   0x40316e         404  # 0x12275f0
L   0x40316e         404  # 0x1227450
L   0x40316e         404  # 0x1227930
L   0x40316e         404  # 0x1227c70
L   0x40316e         404  # 0x1227ad0
L   0x40316e         404  # 0x1227790
L   0x40316e         404  # 0x1227110
L   0x40316e         404  # 0x1227fb0
L   0x40316e         404  # 0x12282f0
L   0x40316e         404  # 0x1228150
L   0x40316e         404  # 0x1228630
L   0x40316e         404  # 0x1228970
L   0x40316e         404  # 0x12287d0
L   0x40316e         404  # 0x1228490
L   0x40316e         404  # 0x1228cb0
L   0x40316e         404  # 0x1228ff0
L   0x40316e         404  # 0x1228e50
L   0x40316e         404  # 0x1229330
L   0x40316e         404  # 0x1229670
L   0x40316e         404  # 0x12294d0
L   0x40316e         404  # 0x1229190
L   0x40316e         404  # 0x1228b10
L   0x40316e         404  # 0x1227e10
L   0x40316e         404  # 0x12299b0
L   0x40316e         404  # 0x1229cf0
L   0x40316e         404  # 0x1229b50
L   0x40316e         404  # 0x122a030
L   0x40316e         404  # 0x122a370
L   0x40316e         404  # 0x122a1d0
L   0x40316e         404  # 0x1229e90
L   0x40316e         404  # 0x122a6b0
L   0x40316e         404  # 0x122a9f0
L   0x40316e         404  # 0x122a850
L   0x40316e         404  # 0x122ad30
L   0x40316e         404  # 0x122b070
L   0x40316e         404  # 0x122aed0
L   0x40316e         404  # 0x122ab90
L   0x40316e         404  # 0x122a510
L   0x40316e         404  # 0x122b3b0
L   0x40316e         404  # 0x122b6f0
L   0x40316e         404  # 0x122b550
L   0x40316e         404  # 0x122ba30
L   0x40316e         404  # 0x122bd70
L   0x40316e         404  # 0x122bbd0
L   0x40316e         404  # 0x122b890
L   0x40316e         404  # 0x122c0b0
L   0x40316e         404  # 0x122c3f0
L   0x40316e         404  # 0x122c250
L   0x40316e         404  # 0x122c730
L   0x40316e         404  # 0x122ca70
L   0x40316e         404  # 0x122c8d0
L   0x40316e         404  # 0x122c590
L   0x40316e         404  # 0x122bf10
L   0x40316e         404  # 0x122cdb0
L   0x40316e         404  # 0x122d0f0
L   0x40316e         404  # 0x122cf50
L   0x40316e         404  # 0x122d430
L   0x40316e         404  # 0x122d770
L   0x40316e         404  # 0x122d5d0
L   0x40316e         404  # 0x122d290
L   0x40316e         404  # 0x122dab0
L   0x40316e         404  # 0x122ddf0
L   0x40316e         404  # 0x122dc50
L   0x40316e         404  # 0x122e130
L   0x40316e         404  # 0x122e470
L   0x40316e         404  # 0x122e2d0
L   0x40316e         404  # 0x122e7b0
L   0x40316e         404  # 0x122eaf0
L   0x40316e         404  # 0x122ec90
L   0x40316e         404  # 0x122e950
L   0x40316e         404  # 0x122e610
L   0x40316e         404  # 0x122df90
L   0x40316e         404  # 0x122d910
L   0x40316e         404  # 0x122cc10
L   0x40316e         404  # 0x122b210
L   0x40316e         404  # 0x1229810
L   0x40316e         404  # 0x1226410
L   0x40316e         404  # 0x1223010
L   0x40316e         404  # 0x121c810
L   0x40316e         404  # 0x1216010
L   0x40316e         404  # 0x1209010
# total allocation requests:   1503 ; max. mem used 198 kBytes
# leak 202400 Bytes	:-(
# .. that is 197 kByte!! A lot ..
WORK TIME - 00:00:00.00
